Determining if the pthread_create exist failed with the following output:
Change Dir: /home/jav/wsl/pytorchOpencvPython/opencv/build/CMakeFiles/CMakeTmp

Run Build Command:"/usr/bin/make" "cmTC_ea2dc/fast"
/usr/bin/make -f CMakeFiles/cmTC_ea2dc.dir/build.make CMakeFiles/cmTC_ea2dc.dir/build
make[1]: Entering directory '/home/jav/wsl/pytorchOpencvPython/opencv/build/CMakeFiles/CMakeTmp'
Building C object CMakeFiles/cmTC_ea2dc.dir/CheckSymbolExists.c.o
/usr/bin/gcc-7   -fPIC    -o CMakeFiles/cmTC_ea2dc.dir/CheckSymbolExists.c.o   -c /home/jav/wsl/pytorchOpencvPython/opencv/build/CMakeFiles/CMakeTmp/CheckSymbolExists.c
Linking C executable cmTC_ea2dc
/usr/bin/cmake -E cmake_link_script CMakeFiles/cmTC_ea2dc.dir/link.txt --verbose=1
/usr/bin/gcc-7 -fPIC     -rdynamic CMakeFiles/cmTC_ea2dc.dir/CheckSymbolExists.c.o  -o cmTC_ea2dc 
CMakeFiles/cmTC_ea2dc.dir/CheckSymbolExists.c.o: In function `main':
CheckSymbolExists.c:(.text+0x1b): undefined reference to `pthread_create'
collect2: error: ld returned 1 exit status
CMakeFiles/cmTC_ea2dc.dir/build.make:97: recipe for target 'cmTC_ea2dc' failed
make[1]: *** [cmTC_ea2dc] Error 1
make[1]: Leaving directory '/home/jav/wsl/pytorchOpencvPython/opencv/build/CMakeFiles/CMakeTmp'
Makefile:126: recipe for target 'cmTC_ea2dc/fast' failed
make: *** [cmTC_ea2dc/fast] Error 2

File /home/jav/wsl/pytorchOpencvPython/opencv/build/CMakeFiles/CMakeTmp/CheckSymbolExists.c:
/* */
#include <pthread.h>

int main(int argc, char** argv)
{
  (void)argv;
#ifndef pthread_create
  return ((int*)(&pthread_create))[argc];
#else
  (void)argc;
  return 0;
#endif
}

Determining if the function pthread_create exists in the pthreads failed with the following output:
Change Dir: /home/jav/wsl/pytorchOpencvPython/opencv/build/CMakeFiles/CMakeTmp

Run Build Command:"/usr/bin/make" "cmTC_9e428/fast"
/usr/bin/make -f CMakeFiles/cmTC_9e428.dir/build.make CMakeFiles/cmTC_9e428.dir/build
make[1]: Entering directory '/home/jav/wsl/pytorchOpencvPython/opencv/build/CMakeFiles/CMakeTmp'
Building C object CMakeFiles/cmTC_9e428.dir/CheckFunctionExists.c.o
/usr/bin/gcc-7   -fPIC -DCHECK_FUNCTION_EXISTS=pthread_create   -o CMakeFiles/cmTC_9e428.dir/CheckFunctionExists.c.o   -c /usr/share/cmake-3.10/Modules/CheckFunctionExists.c
Linking C executable cmTC_9e428
/usr/bin/cmake -E cmake_link_script CMakeFiles/cmTC_9e428.dir/link.txt --verbose=1
/usr/bin/gcc-7 -fPIC -DCHECK_FUNCTION_EXISTS=pthread_create    -rdynamic CMakeFiles/cmTC_9e428.dir/CheckFunctionExists.c.o  -o cmTC_9e428 -lpthreads 
/usr/bin/ld: cannot find -lpthreads
collect2: error: ld returned 1 exit status
CMakeFiles/cmTC_9e428.dir/build.make:97: recipe for target 'cmTC_9e428' failed
make[1]: *** [cmTC_9e428] Error 1
make[1]: Leaving directory '/home/jav/wsl/pytorchOpencvPython/opencv/build/CMakeFiles/CMakeTmp'
Makefile:126: recipe for target 'cmTC_9e428/fast' failed
make: *** [cmTC_9e428/fast] Error 2


