Determining if the pthread_create exist failed with the following output:
Change Dir: /home/jav/wsl/pytorchOpencvPython/opencv/cpp/build/CMakeFiles/CMakeTmp

Run Build Command:"/usr/bin/make" "cmTC_1ae0b/fast"
/usr/bin/make -f CMakeFiles/cmTC_1ae0b.dir/build.make CMakeFiles/cmTC_1ae0b.dir/build
make[1]: Entering directory '/home/jav/wsl/pytorchOpencvPython/opencv/cpp/build/CMakeFiles/CMakeTmp'
Building C object CMakeFiles/cmTC_1ae0b.dir/CheckSymbolExists.c.o
/usr/bin/cc   -fPIC    -o CMakeFiles/cmTC_1ae0b.dir/CheckSymbolExists.c.o   -c /home/jav/wsl/pytorchOpencvPython/opencv/cpp/build/CMakeFiles/CMakeTmp/CheckSymbolExists.c
Linking C executable cmTC_1ae0b
/usr/bin/cmake -E cmake_link_script CMakeFiles/cmTC_1ae0b.dir/link.txt --verbose=1
/usr/bin/cc -fPIC     -rdynamic CMakeFiles/cmTC_1ae0b.dir/CheckSymbolExists.c.o  -o cmTC_1ae0b 
CMakeFiles/cmTC_1ae0b.dir/CheckSymbolExists.c.o: In function `main':
CheckSymbolExists.c:(.text+0x1b): undefined reference to `pthread_create'
collect2: error: ld returned 1 exit status
CMakeFiles/cmTC_1ae0b.dir/build.make:97: recipe for target 'cmTC_1ae0b' failed
make[1]: *** [cmTC_1ae0b] Error 1
make[1]: Leaving directory '/home/jav/wsl/pytorchOpencvPython/opencv/cpp/build/CMakeFiles/CMakeTmp'
Makefile:126: recipe for target 'cmTC_1ae0b/fast' failed
make: *** [cmTC_1ae0b/fast] Error 2

File /home/jav/wsl/pytorchOpencvPython/opencv/cpp/build/CMakeFiles/CMakeTmp/CheckSymbolExists.c:
/* */
#include <pthread.h>

int main(int argc, char** argv)
{
  (void)argv;
#ifndef pthread_create
  return ((int*)(&pthread_create))[argc];
#else
  (void)argc;
  return 0;
#endif
}

Determining if the function pthread_create exists in the pthreads failed with the following output:
Change Dir: /home/jav/wsl/pytorchOpencvPython/opencv/cpp/build/CMakeFiles/CMakeTmp

Run Build Command:"/usr/bin/make" "cmTC_88e87/fast"
/usr/bin/make -f CMakeFiles/cmTC_88e87.dir/build.make CMakeFiles/cmTC_88e87.dir/build
make[1]: Entering directory '/home/jav/wsl/pytorchOpencvPython/opencv/cpp/build/CMakeFiles/CMakeTmp'
Building C object CMakeFiles/cmTC_88e87.dir/CheckFunctionExists.c.o
/usr/bin/cc   -fPIC -DCHECK_FUNCTION_EXISTS=pthread_create   -o CMakeFiles/cmTC_88e87.dir/CheckFunctionExists.c.o   -c /usr/share/cmake-3.10/Modules/CheckFunctionExists.c
Linking C executable cmTC_88e87
/usr/bin/cmake -E cmake_link_script CMakeFiles/cmTC_88e87.dir/link.txt --verbose=1
/usr/bin/cc -fPIC -DCHECK_FUNCTION_EXISTS=pthread_create    -rdynamic CMakeFiles/cmTC_88e87.dir/CheckFunctionExists.c.o  -o cmTC_88e87 -lpthreads 
/usr/bin/ld: cannot find -lpthreads
collect2: error: ld returned 1 exit status
CMakeFiles/cmTC_88e87.dir/build.make:97: recipe for target 'cmTC_88e87' failed
make[1]: *** [cmTC_88e87] Error 1
make[1]: Leaving directory '/home/jav/wsl/pytorchOpencvPython/opencv/cpp/build/CMakeFiles/CMakeTmp'
Makefile:126: recipe for target 'cmTC_88e87/fast' failed
make: *** [cmTC_88e87/fast] Error 2


